0 info it worked if it ends with ok
1 verbose cli [ 'C:\\Program Files\\nodejs\\node.exe',
1 verbose cli   'C:\\Program Files\\nodejs\\node_modules\\npm\\bin\\npm-cli.js',
1 verbose cli   'start' ]
2 info using npm@3.9.5
3 info using node@v6.2.2
4 verbose run-script [ 'prestart', 'start', 'poststart' ]
5 info lifecycle pizza-luvrs@1.0.0~prestart: pizza-luvrs@1.0.0
6 silly lifecycle pizza-luvrs@1.0.0~prestart: no script for prestart, continuing
7 info lifecycle pizza-luvrs@1.0.0~start: pizza-luvrs@1.0.0
8 verbose lifecycle pizza-luvrs@1.0.0~start: unsafe-perm in lifecycle true
9 verbose lifecycle pizza-luvrs@1.0.0~start: PATH: C:\Users\sumar\AppData\Roaming\nvm\v6.2.2\node_modules\npm\bin\node-gyp-bin;C:\Manhattan\Learning\aws\pizza-luvrs\node_modules\.bin;C:\Program Files\nodejs;C:\Users\sumar\bin;C:\Program Files\Git\mingw64\bin;C:\Program Files\Git\usr\local\bin;C:\Program Files\Git\usr\bin;C:\Program Files\Git\usr\bin;C:\Program Files\Git\mingw64\bin;C:\Program Files\Git\usr\bin;C:\Users\sumar\bin;C:\windows\system32;C:\windows;C:\windows\System32\Wbem;C:\windows\System32\WindowsPowerShell\v1.0;C:\windows\System32\WindowsPowerShell\v1.0;C:\Program Files (x86)\ShoreTel\Connect;C:\Program Files (x86)\ShoreTel\Connect\win64;C:\Program Files\Perforce;C:\Program Files\Perforce\DVCS;C:\Program Files\Microsoft SQL Server\130\Tools\Binn;C:\windows\system32\config\systemprofile\.dnx\bin;C:\Program Files\Microsoft DNX\Dnvm;C:\Program Files (x86)\Windows Kits\8.1\Windows Performance Toolkit;C:\Program Files\Git\cmd;C:\Program Files\TortoiseGit\bin;C:\Users\sumar\AppData\Roaming\nvm;C:\Program Files\nodejs;C:\Program Files (x86)\Skype\Phone;C:\Program Files (x86)\Shoreline Communications\ShoreWare Client;C:\Program Files (x86)\Shoreline Communications\ShoreWare Client\win64;C:\Python27;C:\Program Files\Amazon\AWSCLI;C:\Program Files\nodejs;C:\Program Files (x86)\Microsoft VS Code\bin;C:\Program Files\Docker Toolbox;C:\Users\sumar\AppData\Roaming\nvm;C:\Users\sumar\AppData\Roaming\nvm;C:\Users\sumar\AppData\Local\Programs\Fiddler;C:\Users\sumar\AppData\Roaming\nvm;C:\Program Files\nodejs;C:\Program Files\nodejs;C:\Users\sumar\AppData\Roaming\npm;C:\Program Files\Git\usr\bin\vendor_perl;C:\Program Files\Git\usr\bin\core_perl
10 verbose lifecycle pizza-luvrs@1.0.0~start: CWD: C:\Manhattan\Learning\aws\pizza-luvrs
11 silly lifecycle pizza-luvrs@1.0.0~start: Args: [ '/d /s /c', 'node index.js' ]
12 silly lifecycle pizza-luvrs@1.0.0~start: Returned: code: 1  signal: null
13 info lifecycle pizza-luvrs@1.0.0~start: Failed to exec start script
14 verbose stack Error: pizza-luvrs@1.0.0 start: `node index.js`
14 verbose stack Exit status 1
14 verbose stack     at EventEmitter.<anonymous> (C:\Users\sumar\AppData\Roaming\nvm\v6.2.2\node_modules\npm\lib\utils\lifecycle.js:245:16)
14 verbose stack     at emitTwo (events.js:106:13)
14 verbose stack     at EventEmitter.emit (events.js:191:7)
14 verbose stack     at ChildProcess.<anonymous> (C:\Users\sumar\AppData\Roaming\nvm\v6.2.2\node_modules\npm\lib\utils\spawn.js:24:14)
14 verbose stack     at emitTwo (events.js:106:13)
14 verbose stack     at ChildProcess.emit (events.js:191:7)
14 verbose stack     at maybeClose (internal/child_process.js:852:16)
14 verbose stack     at Process.ChildProcess._handle.onexit (internal/child_process.js:215:5)
15 verbose pkgid pizza-luvrs@1.0.0
16 verbose cwd C:\Manhattan\Learning\aws\pizza-luvrs
17 error Windows_NT 6.1.7601
18 error argv "C:\\Program Files\\nodejs\\node.exe" "C:\\Program Files\\nodejs\\node_modules\\npm\\bin\\npm-cli.js" "start"
19 error node v6.2.2
20 error npm  v3.9.5
21 error code ELIFECYCLE
22 error pizza-luvrs@1.0.0 start: `node index.js`
22 error Exit status 1
23 error Failed at the pizza-luvrs@1.0.0 start script 'node index.js'.
23 error Make sure you have the latest version of node.js and npm installed.
23 error If you do, this is most likely a problem with the pizza-luvrs package,
23 error not with npm itself.
23 error Tell the author that this fails on your system:
23 error     node index.js
23 error You can get information on how to open an issue for this project with:
23 error     npm bugs pizza-luvrs
23 error Or if that isn't available, you can get their info via:
23 error     npm owner ls pizza-luvrs
23 error There is likely additional logging output above.
24 verbose exit [ 1, true ]
